This file contains any messages produced by compilers while
running configure, to aid debugging if configure makes a mistake.

It was created by gIDLE configure 0.1, which was
generated by GNU Autoconf 2.68.  Invocation command line was

  $ /media/sda11/C/GTK+/gIDLE3/configure 

## --------- ##
## Platform. ##
## --------- ##

hostname = localhost.localdomain
uname -m = x86_64
uname -r = 3.6.11-5.fc17.x86_64
uname -s = Linux
uname -v = #1 SMP Tue Jan 8 21:40:51 UTC 2013

/usr/bin/uname -p = x86_64
/bin/uname -X     = unknown

/bin/arch              = x86_64
/usr/bin/arch -k       = unknown
/usr/convex/getsysinfo = unknown
/usr/bin/hostinfo      = unknown
/bin/machine           = unknown
/usr/bin/oslevel       = unknown
/bin/universe          = unknown

PATH: /usr/lib64/qt-3.3/bin
PATH: /usr/local/bin
PATH: /usr/bin
PATH: /bin
PATH: /usr/local/sbin
PATH: /usr/sbin
PATH: /home/abhi/.local/bin
PATH: /home/abhi/bin


## ----------- ##
## Core tests. ##
## ----------- ##

configure:1825: checking for a BSD-compatible install
configure:1893: result: /usr/bin/install -c
configure:1904: checking whether build environment is sane
configure:1954: result: yes
configure:2095: checking for a thread-safe mkdir -p
configure:2134: result: /usr/bin/mkdir -p
configure:2147: checking for gawk
configure:2163: found /usr/bin/gawk
configure:2174: result: gawk
configure:2185: checking whether make sets $(MAKE)
configure:2207: result: yes
configure:2326: checking for gcc
configure:2342: found /usr/bin/gcc
configure:2353: result: gcc
configure:2582: checking for C compiler version
configure:2591: gcc --version >&5
gcc (GCC) 4.7.2 20120921 (Red Hat 4.7.2-2)
Copyright (C) 2012 Free Software Foundation, Inc.
This is free software; see the source for copying conditions.  There is NO
warranty; not even for MERCHANTABILITY or FITNESS FOR A PARTICULAR PURPOSE.

configure:2602: $? = 0
configure:2591: gcc -v >&5
Using built-in specs.
COLLECT_GCC=gcc
COLLECT_LTO_WRAPPER=/usr/libexec/gcc/x86_64-redhat-linux/4.7.2/lto-wrapper
Target: x86_64-redhat-linux
Configured with: ../configure --prefix=/usr --mandir=/usr/share/man --infodir=/usr/share/info --with-bugurl=http://bugzilla.redhat.com/bugzilla --enable-bootstrap --enable-shared --enable-threads=posix --enable-checking=release --disable-build-with-cxx --disable-build-poststage1-with-cxx --with-system-zlib --enable-__cxa_atexit --disable-libunwind-exceptions --enable-gnu-unique-object --enable-linker-build-id --with-linker-hash-style=gnu --enable-languages=c,c++,objc,obj-c++,java,fortran,ada,go,lto --enable-plugin --enable-initfini-array --enable-java-awt=gtk --disable-dssi --with-java-home=/usr/lib/jvm/java-1.5.0-gcj-1.5.0.0/jre --enable-libgcj-multifile --enable-java-maintainer-mode --with-ecj-jar=/usr/share/java/eclipse-ecj.jar --disable-libjava-multilib --with-ppl --with-cloog --with-tune=generic --with-arch_32=i686 --build=x86_64-redhat-linux
Thread model: posix
gcc version 4.7.2 20120921 (Red Hat 4.7.2-2) (GCC) 
configure:2602: $? = 0
configure:2591: gcc -V >&5
gcc: error: unrecognized command line option '-V'
gcc: fatal error: no input files
compilation terminated.
configure:2602: $? = 4
configure:2591: gcc -qversion >&5
gcc: error: unrecognized command line option '-qversion'
gcc: fatal error: no input files
compilation terminated.
configure:2602: $? = 4
configure:2622: checking whether the C compiler works
configure:2644: gcc    conftest.c  >&5
configure:2648: $? = 0
configure:2696: result: yes
configure:2699: checking for C compiler default output file name
configure:2701: result: a.out
configure:2707: checking for suffix of executables
configure:2714: gcc -o conftest    conftest.c  >&5
configure:2718: $? = 0
configure:2740: result: 
configure:2762: checking whether we are cross compiling
configure:2770: gcc -o conftest    conftest.c  >&5
configure:2774: $? = 0
configure:2781: ./conftest
configure:2785: $? = 0
configure:2800: result: no
configure:2805: checking for suffix of object files
configure:2827: gcc -c   conftest.c >&5
configure:2831: $? = 0
configure:2852: result: o
configure:2856: checking whether we are using the GNU C compiler
configure:2875: gcc -c   conftest.c >&5
configure:2875: $? = 0
configure:2884: result: yes
configure:2893: checking whether gcc accepts -g
configure:2913: gcc -c -g  conftest.c >&5
configure:2913: $? = 0
configure:2954: result: yes
configure:2971: checking for gcc option to accept ISO C89
configure:3035: gcc  -c -g -O2  conftest.c >&5
configure:3035: $? = 0
configure:3048: result: none needed
configure:3079: checking for style of include used by make
configure:3107: result: GNU
configure:3133: checking dependency style of gcc
configure:3244: result: gcc3
configure:3314: checking for pkg-config
configure:3332: found /usr/bin/pkg-config
configure:3344: result: /usr/bin/pkg-config
configure:3369: checking pkg-config is at least version 0.9.0
configure:3372: result: yes
configure:3382: checking for DEPS
configure:3389: $PKG_CONFIG --exists --print-errors "gtk+-3.0 gtksourceview-3.0"
configure:3392: $? = 0
configure:3405: $PKG_CONFIG --exists --print-errors "gtk+-3.0 gtksourceview-3.0"
configure:3408: $? = 0
configure:3467: result: yes
configure:3482: checking whether make supports nested variables
configure:3499: result: yes
configure:3676: creating ./config.status

## ---------------------- ##
## Running config.status. ##
## ---------------------- ##

This file was extended by gIDLE config.status 0.1, which was
generated by GNU Autoconf 2.68.  Invocation command line was

  CONFIG_FILES    = 
  CONFIG_HEADERS  = 
  CONFIG_LINKS    = 
  CONFIG_COMMANDS = 
  $ ./config.status 

on localhost.localdomain

config.status:792: creating Makefile
config.status:964: executing depfiles commands

## ---------------- ##
## Cache variables. ##
## ---------------- ##

ac_cv_c_compiler_gnu=yes
ac_cv_env_CC_set=
ac_cv_env_CC_value=
ac_cv_env_CFLAGS_set=
ac_cv_env_CFLAGS_value=
ac_cv_env_CPPFLAGS_set=
ac_cv_env_CPPFLAGS_value=
ac_cv_env_DEPS_CFLAGS_set=
ac_cv_env_DEPS_CFLAGS_value=
ac_cv_env_DEPS_LIBS_set=
ac_cv_env_DEPS_LIBS_value=
ac_cv_env_LDFLAGS_set=
ac_cv_env_LDFLAGS_value=
ac_cv_env_LIBS_set=
ac_cv_env_LIBS_value=
ac_cv_env_PKG_CONFIG_LIBDIR_set=
ac_cv_env_PKG_CONFIG_LIBDIR_value=
ac_cv_env_PKG_CONFIG_PATH_set=
ac_cv_env_PKG_CONFIG_PATH_value=
ac_cv_env_PKG_CONFIG_set=
ac_cv_env_PKG_CONFIG_value=
ac_cv_env_build_alias_set=
ac_cv_env_build_alias_value=
ac_cv_env_host_alias_set=
ac_cv_env_host_alias_value=
ac_cv_env_target_alias_set=
ac_cv_env_target_alias_value=
ac_cv_objext=o
ac_cv_path_ac_pt_PKG_CONFIG=/usr/bin/pkg-config
ac_cv_path_install='/usr/bin/install -c'
ac_cv_path_mkdir=/usr/bin/mkdir
ac_cv_prog_AWK=gawk
ac_cv_prog_ac_ct_CC=gcc
ac_cv_prog_cc_c89=
ac_cv_prog_cc_g=yes
ac_cv_prog_make_make_set=yes
am_cv_CC_dependencies_compiler_type=gcc3
am_cv_make_support_nested_variables=yes
pkg_cv_DEPS_CFLAGS='-pthread -I/usr/include/gtk-3.0 -I/usr/include/pango-1.0 -I/usr/include/gio-unix-2.0/ -I/usr/include/atk-1.0 -I/usr/include/cairo -I/usr/include/gdk-pixbuf-2.0 -I/usr/include/freetype2 -I/usr/include/glib-2.0 -I/usr/lib64/glib-2.0/include -I/usr/include/pixman-1 -I/usr/include/libpng15 -I/usr/include/gtksourceview-3.0 -I/usr/include/libxml2  '
pkg_cv_DEPS_LIBS='-lgtksourceview-3.0 -lgtk-3 -lgdk-3 -latk-1.0 -lgio-2.0 -lpangocairo-1.0 -lgdk_pixbuf-2.0 -lcairo-gobject -lpango-1.0 -lcairo -lgobject-2.0 -lglib-2.0  '

## ----------------- ##
## Output variables. ##
## ----------------- ##

ACLOCAL='${SHELL} /media/sda11/C/GTK+/gIDLE3/missing --run aclocal-1.11'
AMDEPBACKSLASH='\'
AMDEP_FALSE='#'
AMDEP_TRUE=''
AMTAR='$${TAR-tar}'
AM_BACKSLASH='\'
AM_DEFAULT_V='$(AM_DEFAULT_VERBOSITY)'
AM_DEFAULT_VERBOSITY='0'
AM_V='$(V)'
AUTOCONF='${SHELL} /media/sda11/C/GTK+/gIDLE3/missing --run autoconf'
AUTOHEADER='${SHELL} /media/sda11/C/GTK+/gIDLE3/missing --run autoheader'
AUTOMAKE='${SHELL} /media/sda11/C/GTK+/gIDLE3/missing --run automake-1.11'
AWK='gawk'
CC='gcc'
CCDEPMODE='depmode=gcc3'
CFLAGS='-g -O2'
CPPFLAGS=''
CYGPATH_W='echo'
DEFS='-DPACKAGE_NAME=\"gIDLE\" -DPACKAGE_TARNAME=\"gidle\" -DPACKAGE_VERSION=\"0.1\" -DPACKAGE_STRING=\"gIDLE\ 0.1\" -DPACKAGE_BUGREPORT=\"\" -DPACKAGE_URL=\"\"'
DEPDIR='.deps'
DEPS_CFLAGS='-pthread -I/usr/include/gtk-3.0 -I/usr/include/pango-1.0 -I/usr/include/gio-unix-2.0/ -I/usr/include/atk-1.0 -I/usr/include/cairo -I/usr/include/gdk-pixbuf-2.0 -I/usr/include/freetype2 -I/usr/include/glib-2.0 -I/usr/lib64/glib-2.0/include -I/usr/include/pixman-1 -I/usr/include/libpng15 -I/usr/include/gtksourceview-3.0 -I/usr/include/libxml2  '
DEPS_LIBS='-lgtksourceview-3.0 -lgtk-3 -lgdk-3 -latk-1.0 -lgio-2.0 -lpangocairo-1.0 -lgdk_pixbuf-2.0 -lcairo-gobject -lpango-1.0 -lcairo -lgobject-2.0 -lglib-2.0  '
ECHO_C=''
ECHO_N='-n'
ECHO_T=''
EXEEXT=''
INSTALL_DATA='${INSTALL} -m 644'
INSTALL_PROGRAM='${INSTALL}'
INSTALL_SCRIPT='${INSTALL}'
INSTALL_STRIP_PROGRAM='$(install_sh) -c -s'
LDFLAGS=''
LIBOBJS=''
LIBS=''
LTLIBOBJS=''
MAKEINFO='${SHELL} /media/sda11/C/GTK+/gIDLE3/missing --run makeinfo'
MKDIR_P='/usr/bin/mkdir -p'
OBJEXT='o'
PACKAGE='gidle'
PACKAGE_BUGREPORT=''
PACKAGE_NAME='gIDLE'
PACKAGE_STRING='gIDLE 0.1'
PACKAGE_TARNAME='gidle'
PACKAGE_URL=''
PACKAGE_VERSION='0.1'
PATH_SEPARATOR=':'
PKG_CONFIG='/usr/bin/pkg-config'
PKG_CONFIG_LIBDIR=''
PKG_CONFIG_PATH=''
SET_MAKE=''
SHELL='/bin/sh'
STRIP=''
VERSION='0.1'
ac_ct_CC='gcc'
am__EXEEXT_FALSE=''
am__EXEEXT_TRUE='#'
am__fastdepCC_FALSE='#'
am__fastdepCC_TRUE=''
am__include='include'
am__isrc=''
am__leading_dot='.'
am__nodep='_no'
am__quote=''
am__tar='$${TAR-tar} chof - "$$tardir"'
am__untar='$${TAR-tar} xf -'
bindir='${exec_prefix}/bin'
build_alias=''
datadir='${datarootdir}'
datarootdir='${prefix}/share'
docdir='${datarootdir}/doc/${PACKAGE_TARNAME}'
dvidir='${docdir}'
exec_prefix='${prefix}'
host_alias=''
htmldir='${docdir}'
includedir='${prefix}/include'
infodir='${datarootdir}/info'
install_sh='${SHELL} /media/sda11/C/GTK+/gIDLE3/install-sh'
libdir='${exec_prefix}/lib'
libexecdir='${exec_prefix}/libexec'
localedir='${datarootdir}/locale'
localstatedir='${prefix}/var'
mandir='${datarootdir}/man'
mkdir_p='/usr/bin/mkdir -p'
oldincludedir='/usr/include'
pdfdir='${docdir}'
prefix='/usr/local'
program_transform_name='s,x,x,'
psdir='${docdir}'
sbindir='${exec_prefix}/sbin'
sharedstatedir='${prefix}/com'
sysconfdir='${prefix}/etc'
target_alias=''

## ----------- ##
## confdefs.h. ##
## ----------- ##

/* confdefs.h */
#define PACKAGE_NAME "gIDLE"
#define PACKAGE_TARNAME "gidle"
#define PACKAGE_VERSION "0.1"
#define PACKAGE_STRING "gIDLE 0.1"
#define PACKAGE_BUGREPORT ""
#define PACKAGE_URL ""

configure: exit 0
